This is pdfTeX, Version 3.14159265-2.6-1.40.18 (TeX Live 2017) (preloaded format=pdflatex 2018.2.22)  24 FEB 2018 11:49
entering extended mode
 \write18 enabled.
 file:line:error style messages enabled.
 %&-line parsing enabled.
**/Users/christianbauer/Onedrive/Uni_Unterlagen/5_Semester/NetworksAndNetworkPr
ogramming/VO/RechnernetzeWS17/VO/RechnernetzeWS17V.0.00.0013/main.tex

(/Users/christianbauer/Onedrive/Uni_Unterlagen/5_Semester/NetworksAndNetworkPro
gramming/VO/RechnernetzeWS17/VO/RechnernetzeWS17V.0.00.0013/main.tex
LaTeX2e <2017-04-15>
Babel <3.18> and hyphenation patterns for 84 language(s) loaded.
(/usr/local/texlive/2017/texmf-dist/tex/latex/koma-script/scrartcl.cls
Document Class: scrartcl 2017/09/07 v3.24 KOMA-Script document class (article)
(/usr/local/texlive/2017/texmf-dist/tex/latex/koma-script/scrkbase.sty
Package: scrkbase 2017/09/07 v3.24 KOMA-Script package (KOMA-Script-dependent b
asics and keyval usage)

(/usr/local/texlive/2017/texmf-dist/tex/latex/koma-script/scrbase.sty
Package: scrbase 2017/09/07 v3.24 KOMA-Script package (KOMA-Script-independent 
basics and keyval usage)

(/usr/local/texlive/2017/texmf-dist/tex/latex/graphics/keyval.sty
Package: keyval 2014/10/28 v1.15 key=value parser (DPC)
\KV@toks@=\toks14
)
(/usr/local/texlive/2017/texmf-dist/tex/latex/koma-script/scrlfile.sty
Package: scrlfile 2017/09/07 v3.24 KOMA-Script package (loading files)
)))
(/usr/local/texlive/2017/texmf-dist/tex/latex/koma-script/tocbasic.sty
Package: tocbasic 2017/09/07 v3.24 KOMA-Script package (handling toc-files)
\scr@dte@tocline@numberwidth=\skip41
\scr@dte@tocline@numbox=\box26
)
Package tocbasic Info: omitting babel extension for `toc'
(tocbasic)             because of feature `nobabel' available
(tocbasic)             for `toc' on input line 133.
Package tocbasic Info: omitting babel extension for `lof'
(tocbasic)             because of feature `nobabel' available
(tocbasic)             for `lof' on input line 135.
Package tocbasic Info: omitting babel extension for `lot'
(tocbasic)             because of feature `nobabel' available
(tocbasic)             for `lot' on input line 136.
Class scrartcl Info: File `scrsize11pt.clo' used instead of
(scrartcl)           file `scrsize11.clo' to setup font sizes on input line 208
0.

(/usr/local/texlive/2017/texmf-dist/tex/latex/koma-script/scrsize11pt.clo
File: scrsize11pt.clo 2017/09/07 v3.24 KOMA-Script font size class option (11pt
)
)
(/usr/local/texlive/2017/texmf-dist/tex/latex/koma-script/typearea.sty
Package: typearea 2017/09/07 v3.24 KOMA-Script package (type area)
\ta@bcor=\skip42
\ta@div=\count79
\ta@hblk=\skip43
\ta@vblk=\skip44
\ta@temp=\skip45
\footheight=\skip46
Package typearea Info: These are the values describing the layout:
(typearea)             DIV  = 10
(typearea)             BCOR = 0.0pt
(typearea)             \paperwidth      = 597.50793pt
(typearea)              \textwidth      = 418.25555pt
(typearea)              DIV departure   = -6%
(typearea)              \evensidemargin = 17.3562pt
(typearea)              \oddsidemargin  = 17.3562pt
(typearea)             \paperheight     = 845.04694pt
(typearea)              \textheight     = 595.80026pt
(typearea)              \topmargin      = -25.16531pt
(typearea)              \headheight     = 17.0pt
(typearea)              \headsep        = 20.40001pt
(typearea)              \topskip        = 11.0pt
(typearea)              \footskip       = 47.6pt
(typearea)              \baselineskip   = 13.6pt
(typearea)              on input line 1686.
)
\c@part=\count80
\c@section=\count81
\c@subsection=\count82
\c@subsubsection=\count83
\c@paragraph=\count84
\c@subparagraph=\count85
\scr@dte@part@maxnumwidth=\skip47
\scr@dte@section@maxnumwidth=\skip48
\scr@dte@subsection@maxnumwidth=\skip49
\scr@dte@subsubsection@maxnumwidth=\skip50
\scr@dte@paragraph@maxnumwidth=\skip51
\scr@dte@subparagraph@maxnumwidth=\skip52
LaTeX Info: Redefining \textsubscript on input line 4161.
\abovecaptionskip=\skip53
\belowcaptionskip=\skip54
\c@pti@nb@sid@b@x=\box27
\c@figure=\count86
\c@table=\count87
Class scrartcl Info: Redefining `\numberline' on input line 5319.
\bibindent=\dimen102
)
(/usr/local/texlive/2017/texmf-dist/tex/latex/base/inputenc.sty
Package: inputenc 2015/03/17 v1.2c Input encoding file
\inpenc@prehook=\toks15
\inpenc@posthook=\toks16

(/usr/local/texlive/2017/texmf-dist/tex/latex/base/utf8.def
File: utf8.def 2017/01/28 v1.1t UTF-8 support for inputenc
Now handling font encoding OML ...
... no UTF-8 mapping file for font encoding OML
Now handling font encoding T1 ...
... processing UTF-8 mapping file for font encoding T1

(/usr/local/texlive/2017/texmf-dist/tex/latex/base/t1enc.dfu
File: t1enc.dfu 2017/01/28 v1.1t UTF-8 support for inputenc
   defining Unicode char U+00A0 (decimal 160)
   defining Unicode char U+00A1 (decimal 161)
   defining Unicode char U+00A3 (decimal 163)
   defining Unicode char U+00AB (decimal 171)
   defining Unicode char U+00AD (decimal 173)
   defining Unicode char U+00BB (decimal 187)
   defining Unicode char U+00BF (decimal 191)
   defining Unicode char U+00C0 (decimal 192)
   defining Unicode char U+00C1 (decimal 193)
   defining Unicode char U+00C2 (decimal 194)
   defining Unicode char U+00C3 (decimal 195)
   defining Unicode char U+00C4 (decimal 196)
   defining Unicode char U+00C5 (decimal 197)
   defining Unicode char U+00C6 (decimal 198)
   defining Unicode char U+00C7 (decimal 199)
   defining Unicode char U+00C8 (decimal 200)
   defining Unicode char U+00C9 (decimal 201)
   defining Unicode char U+00CA (decimal 202)
   defining Unicode char U+00CB (decimal 203)
   defining Unicode char U+00CC (decimal 204)
   defining Unicode char U+00CD (decimal 205)
   defining Unicode char U+00CE (decimal 206)
   defining Unicode char U+00CF (decimal 207)
   defining Unicode char U+00D0 (decimal 208)
   defining Unicode char U+00D1 (decimal 209)
   defining Unicode char U+00D2 (decimal 210)
   defining Unicode char U+00D3 (decimal 211)
   defining Unicode char U+00D4 (decimal 212)
   defining Unicode char U+00D5 (decimal 213)
   defining Unicode char U+00D6 (decimal 214)
   defining Unicode char U+00D8 (decimal 216)
   defining Unicode char U+00D9 (decimal 217)
   defining Unicode char U+00DA (decimal 218)
   defining Unicode char U+00DB (decimal 219)
   defining Unicode char U+00DC (decimal 220)
   defining Unicode char U+00DD (decimal 221)
   defining Unicode char U+00DE (decimal 222)
   defining Unicode char U+00DF (decimal 223)
   defining Unicode char U+00E0 (decimal 224)
   defining Unicode char U+00E1 (decimal 225)
   defining Unicode char U+00E2 (decimal 226)
   defining Unicode char U+00E3 (decimal 227)
   defining Unicode char U+00E4 (decimal 228)
   defining Unicode char U+00E5 (decimal 229)
   defining Unicode char U+00E6 (decimal 230)
   defining Unicode char U+00E7 (decimal 231)
   defining Unicode char U+00E8 (decimal 232)
   defining Unicode char U+00E9 (decimal 233)
   defining Unicode char U+00EA (decimal 234)
   defining Unicode char U+00EB (decimal 235)
   defining Unicode char U+00EC (decimal 236)
   defining Unicode char U+00ED (decimal 237)
   defining Unicode char U+00EE (decimal 238)
   defining Unicode char U+00EF (decimal 239)
   defining Unicode char U+00F0 (decimal 240)
   defining Unicode char U+00F1 (decimal 241)
   defining Unicode char U+00F2 (decimal 242)
   defining Unicode char U+00F3 (decimal 243)
   defining Unicode char U+00F4 (decimal 244)
   defining Unicode char U+00F5 (decimal 245)
   defining Unicode char U+00F6 (decimal 246)
   defining Unicode char U+00F8 (decimal 248)
   defining Unicode char U+00F9 (decimal 249)
   defining Unicode char U+00FA (decimal 250)
   defining Unicode char U+00FB (decimal 251)
   defining Unicode char U+00FC (decimal 252)
   defining Unicode char U+00FD (decimal 253)
   defining Unicode char U+00FE (decimal 254)
   defining Unicode char U+00FF (decimal 255)
   defining Unicode char U+0100 (decimal 256)
   defining Unicode char U+0101 (decimal 257)
   defining Unicode char U+0102 (decimal 258)
   defining Unicode char U+0103 (decimal 259)
   defining Unicode char U+0104 (decimal 260)
   defining Unicode char U+0105 (decimal 261)
   defining Unicode char U+0106 (decimal 262)
   defining Unicode char U+0107 (decimal 263)
   defining Unicode char U+0108 (decimal 264)
   defining Unicode char U+0109 (decimal 265)
   defining Unicode char U+010A (decimal 266)
   defining Unicode char U+010B (decimal 267)
   defining Unicode char U+010C (decimal 268)
   defining Unicode char U+010D (decimal 269)
   defining Unicode char U+010E (decimal 270)
   defining Unicode char U+010F (decimal 271)
   defining Unicode char U+0110 (decimal 272)
   defining Unicode char U+0111 (decimal 273)
   defining Unicode char U+0112 (decimal 274)
   defining Unicode char U+0113 (decimal 275)
   defining Unicode char U+0114 (decimal 276)
   defining Unicode char U+0115 (decimal 277)
   defining Unicode char U+0116 (decimal 278)
   defining Unicode char U+0117 (decimal 279)
   defining Unicode char U+0118 (decimal 280)
   defining Unicode char U+0119 (decimal 281)
   defining Unicode char U+011A (decimal 282)
   defining Unicode char U+011B (decimal 283)
   defining Unicode char U+011C (decimal 284)
   defining Unicode char U+011D (decimal 285)
   defining Unicode char U+011E (decimal 286)
   defining Unicode char U+011F (decimal 287)
   defining Unicode char U+0120 (decimal 288)
   defining Unicode char U+0121 (decimal 289)
   defining Unicode char U+0122 (decimal 290)
   defining Unicode char U+0123 (decimal 291)
   defining Unicode char U+0124 (decimal 292)
   defining Unicode char U+0125 (decimal 293)
   defining Unicode char U+0128 (decimal 296)
   defining Unicode char U+0129 (decimal 297)
   defining Unicode char U+012A (decimal 298)
   defining Unicode char U+012B (decimal 299)
   defining Unicode char U+012C (decimal 300)
   defining Unicode char U+012D (decimal 301)
   defining Unicode char U+012E (decimal 302)
   defining Unicode char U+012F (decimal 303)
   defining Unicode char U+0130 (decimal 304)
   defining Unicode char U+0131 (decimal 305)
   defining Unicode char U+0132 (decimal 306)
   defining Unicode char U+0133 (decimal 307)
   defining Unicode char U+0134 (decimal 308)
   defining Unicode char U+0135 (decimal 309)
   defining Unicode char U+0136 (decimal 310)
   defining Unicode char U+0137 (decimal 311)
   defining Unicode char U+0139 (decimal 313)
   defining Unicode char U+013A (decimal 314)
   defining Unicode char U+013B (decimal 315)
   defining Unicode char U+013C (decimal 316)
   defining Unicode char U+013D (decimal 317)
   defining Unicode char U+013E (decimal 318)
   defining Unicode char U+0141 (decimal 321)
   defining Unicode char U+0142 (decimal 322)
   defining Unicode char U+0143 (decimal 323)
   defining Unicode char U+0144 (decimal 324)
   defining Unicode char U+0145 (decimal 325)
   defining Unicode char U+0146 (decimal 326)
   defining Unicode char U+0147 (decimal 327)
   defining Unicode char U+0148 (decimal 328)
   defining Unicode char U+014A (decimal 330)
   defining Unicode char U+014B (decimal 331)
   defining Unicode char U+014C (decimal 332)
   defining Unicode char U+014D (decimal 333)
   defining Unicode char U+014E (decimal 334)
   defining Unicode char U+014F (decimal 335)
   defining Unicode char U+0150 (decimal 336)
   defining Unicode char U+0151 (decimal 337)
   defining Unicode char U+0152 (decimal 338)
   defining Unicode char U+0153 (decimal 339)
   defining Unicode char U+0154 (decimal 340)
   defining Unicode char U+0155 (decimal 341)
   defining Unicode char U+0156 (decimal 342)
   defining Unicode char U+0157 (decimal 343)
   defining Unicode char U+0158 (decimal 344)
   defining Unicode char U+0159 (decimal 345)
   defining Unicode char U+015A (decimal 346)
   defining Unicode char U+015B (decimal 347)
   defining Unicode char U+015C (decimal 348)
   defining Unicode char U+015D (decimal 349)
   defining Unicode char U+015E (decimal 350)
   defining Unicode char U+015F (decimal 351)
   defining Unicode char U+0160 (decimal 352)
   defining Unicode char U+0161 (decimal 353)
   defining Unicode char U+0162 (decimal 354)
   defining Unicode char U+0163 (decimal 355)
   defining Unicode char U+0164 (decimal 356)
   defining Unicode char U+0165 (decimal 357)
   defining Unicode char U+0168 (decimal 360)
   defining Unicode char U+0169 (decimal 361)
   defining Unicode char U+016A (decimal 362)
   defining Unicode char U+016B (decimal 363)
   defining Unicode char U+016C (decimal 364)
   defining Unicode char U+016D (decimal 365)
   defining Unicode char U+016E (decimal 366)
   defining Unicode char U+016F (decimal 367)
   defining Unicode char U+0170 (decimal 368)
   defining Unicode char U+0171 (decimal 369)
   defining Unicode char U+0172 (decimal 370)
   defining Unicode char U+0173 (decimal 371)
   defining Unicode char U+0174 (decimal 372)
   defining Unicode char U+0175 (decimal 373)
   defining Unicode char U+0176 (decimal 374)
   defining Unicode char U+0177 (decimal 375)
   defining Unicode char U+0178 (decimal 376)
   defining Unicode char U+0179 (decimal 377)
   defining Unicode char U+017A (decimal 378)
   defining Unicode char U+017B (decimal 379)
   defining Unicode char U+017C (decimal 380)
   defining Unicode char U+017D (decimal 381)
   defining Unicode char U+017E (decimal 382)
   defining Unicode char U+01CD (decimal 461)
   defining Unicode char U+01CE (decimal 462)
   defining Unicode char U+01CF (decimal 463)
   defining Unicode char U+01D0 (decimal 464)
   defining Unicode char U+01D1 (decimal 465)
   defining Unicode char U+01D2 (decimal 466)
   defining Unicode char U+01D3 (decimal 467)
   defining Unicode char U+01D4 (decimal 468)
   defining Unicode char U+01E2 (decimal 482)
   defining Unicode char U+01E3 (decimal 483)
   defining Unicode char U+01E6 (decimal 486)
   defining Unicode char U+01E7 (decimal 487)
   defining Unicode char U+01E8 (decimal 488)
   defining Unicode char U+01E9 (decimal 489)
   defining Unicode char U+01EA (decimal 490)
   defining Unicode char U+01EB (decimal 491)
   defining Unicode char U+01F0 (decimal 496)
   defining Unicode char U+01F4 (decimal 500)
   defining Unicode char U+01F5 (decimal 501)
   defining Unicode char U+0218 (decimal 536)
   defining Unicode char U+0219 (decimal 537)
   defining Unicode char U+021A (decimal 538)
   defining Unicode char U+021B (decimal 539)
   defining Unicode char U+0232 (decimal 562)
   defining Unicode char U+0233 (decimal 563)
   defining Unicode char U+1E02 (decimal 7682)
   defining Unicode char U+1E03 (decimal 7683)
   defining Unicode char U+200C (decimal 8204)
   defining Unicode char U+2010 (decimal 8208)
   defining Unicode char U+2011 (decimal 8209)
   defining Unicode char U+2012 (decimal 8210)
   defining Unicode char U+2013 (decimal 8211)
   defining Unicode char U+2014 (decimal 8212)
   defining Unicode char U+2015 (decimal 8213)
   defining Unicode char U+2018 (decimal 8216)
   defining Unicode char U+2019 (decimal 8217)
   defining Unicode char U+201A (decimal 8218)
   defining Unicode char U+201C (decimal 8220)
   defining Unicode char U+201D (decimal 8221)
   defining Unicode char U+201E (decimal 8222)
   defining Unicode char U+2030 (decimal 8240)
   defining Unicode char U+2031 (decimal 8241)
   defining Unicode char U+2039 (decimal 8249)
   defining Unicode char U+203A (decimal 8250)
   defining Unicode char U+2423 (decimal 9251)
   defining Unicode char U+1E20 (decimal 7712)
   defining Unicode char U+1E21 (decimal 7713)
)
Now handling font encoding OT1 ...
... processing UTF-8 mapping file for font encoding OT1

(/usr/local/texlive/2017/texmf-dist/tex/latex/base/ot1enc.dfu
File: ot1enc.dfu 2017/01/28 v1.1t UTF-8 support for inputenc
   defining Unicode char U+00A0 (decimal 160)
   defining Unicode char U+00A1 (decimal 161)
   defining Unicode char U+00A3 (decimal 163)
   defining Unicode char U+00AD (decimal 173)
   defining Unicode char U+00B8 (decimal 184)
   defining Unicode char U+00BF (decimal 191)
   defining Unicode char U+00C5 (decimal 197)
   defining Unicode char U+00C6 (decimal 198)
   defining Unicode char U+00D8 (decimal 216)
   defining Unicode char U+00DF (decimal 223)
   defining Unicode char U+00E6 (decimal 230)
   defining Unicode char U+00EC (decimal 236)
   defining Unicode char U+00ED (decimal 237)
   defining Unicode char U+00EE (decimal 238)
   defining Unicode char U+00EF (decimal 239)
   defining Unicode char U+00F8 (decimal 248)
   defining Unicode char U+0131 (decimal 305)
   defining Unicode char U+0141 (decimal 321)
   defining Unicode char U+0142 (decimal 322)
   defining Unicode char U+0152 (decimal 338)
   defining Unicode char U+0153 (decimal 339)
   defining Unicode char U+0174 (decimal 372)
   defining Unicode char U+0175 (decimal 373)
   defining Unicode char U+0176 (decimal 374)
   defining Unicode char U+0177 (decimal 375)
   defining Unicode char U+0218 (decimal 536)
   defining Unicode char U+0219 (decimal 537)
   defining Unicode char U+021A (decimal 538)
   defining Unicode char U+021B (decimal 539)
   defining Unicode char U+2013 (decimal 8211)
   defining Unicode char U+2014 (decimal 8212)
   defining Unicode char U+2018 (decimal 8216)
   defining Unicode char U+2019 (decimal 8217)
   defining Unicode char U+201C (decimal 8220)
   defining Unicode char U+201D (decimal 8221)
)
Now handling font encoding OMS ...
... processing UTF-8 mapping file for font encoding OMS

(/usr/local/texlive/2017/texmf-dist/tex/latex/base/omsenc.dfu
File: omsenc.dfu 2017/01/28 v1.1t UTF-8 support for inputenc
   defining Unicode char U+00A7 (decimal 167)
   defining Unicode char U+00B6 (decimal 182)
   defining Unicode char U+00B7 (decimal 183)
   defining Unicode char U+2020 (decimal 8224)
   defining Unicode char U+2021 (decimal 8225)
   defining Unicode char U+2022 (decimal 8226)
)
Now handling font encoding OMX ...
... no UTF-8 mapping file for font encoding OMX
Now handling font encoding U ...
... no UTF-8 mapping file for font encoding U
   defining Unicode char U+00A9 (decimal 169)
   defining Unicode char U+00AA (decimal 170)
   defining Unicode char U+00AE (decimal 174)
   defining Unicode char U+00BA (decimal 186)
   defining Unicode char U+02C6 (decimal 710)
   defining Unicode char U+02DC (decimal 732)
   defining Unicode char U+200C (decimal 8204)
   defining Unicode char U+2026 (decimal 8230)
   defining Unicode char U+2122 (decimal 8482)
   defining Unicode char U+2423 (decimal 9251)
))
(/usr/local/texlive/2017/texmf-dist/tex/latex/base/fontenc.sty
Package: fontenc 2017/04/05 v2.0i Standard LaTeX package

(/usr/local/texlive/2017/texmf-dist/tex/latex/base/t1enc.def
File: t1enc.def 2017/04/05 v2.0i Standard LaTeX file
LaTeX Font Info:    Redeclaring font encoding T1 on input line 48.
))
(/usr/local/texlive/2017/texmf-dist/tex/generic/babel/babel.sty
Package: babel 2018/02/14 3.18 The Babel package

(/usr/local/texlive/2017/texmf-dist/tex/generic/babel/switch.def
File: switch.def 2018/02/14 3.18 Babel switching mechanism
)
(/usr/local/texlive/2017/texmf-dist/tex/generic/babel-german/naustrian.ldf
Language: naustrian 2016/11/02 v2.9 German support for babel (new orthography)

(/usr/local/texlive/2017/texmf-dist/tex/generic/babel-german/ngermanb.ldf
Language: ngermanb 2016/11/02 v2.9 German support for babel (new orthography)

(/usr/local/texlive/2017/texmf-dist/tex/generic/babel/babel.def
File: babel.def 2018/02/14 3.18 Babel common definitions
\babel@savecnt=\count88
\U@D=\dimen103

(/usr/local/texlive/2017/texmf-dist/tex/generic/babel/txtbabel.def)
\bbl@dirlevel=\count89
)
\l@naustrian = a dialect from \language\l@ngerman 
Package babel Info: Making " an active character on input line 125.
)))
(/usr/local/texlive/2017/texmf-dist/tex/latex/koma-script/scrextend.sty

Package scrextend Warning: This package was made to extend other classes but
(scrextend)                KOMA-Script classes by some features of the
(scrextend)                KOMA-Script classes.
(scrextend)                It should never be used with a KOMA-Script class.
(scrextend)                Loading of the package will be aborted.

) (/usr/local/texlive/2017/texmf-dist/tex/latex/tools/enumerate.sty
Package: enumerate 2015/07/23 v3.00 enumerate extensions (DPC)
\@enLab=\toks17
)
(/usr/local/texlive/2017/texmf-dist/tex/latex/graphics/graphicx.sty
Package: graphicx 2017/06/01 v1.1a Enhanced LaTeX Graphics (DPC,SPQR)

(/usr/local/texlive/2017/texmf-dist/tex/latex/graphics/graphics.sty
Package: graphics 2017/06/25 v1.2c Standard LaTeX Graphics (DPC,SPQR)

(/usr/local/texlive/2017/texmf-dist/tex/latex/graphics/trig.sty
Package: trig 2016/01/03 v1.10 sin cos tan (DPC)
)
(/usr/local/texlive/2017/texmf-dist/tex/latex/graphics-cfg/graphics.cfg
File: graphics.cfg 2016/06/04 v1.11 sample graphics configuration
)
Package graphics Info: Driver file: pdftex.def on input line 99.

(/usr/local/texlive/2017/texmf-dist/tex/latex/graphics-def/pdftex.def
File: pdftex.def 2018/01/08 v1.0l Graphics/color driver for pdftex
))
\Gin@req@height=\dimen104
\Gin@req@width=\dimen105
)
(/usr/local/texlive/2017/texmf-dist/tex/latex/tools/verbatim.sty
Package: verbatim 2014/10/28 v1.5q LaTeX2e package for verbatim enhancements
\every@verbatim=\toks18
\verbatim@line=\toks19
\verbatim@in@stream=\read1
) (./main.aux)
\openout1 = `main.aux'.

LaTeX Font Info:    Checking defaults for OML/cmm/m/it on input line 32.
LaTeX Font Info:    ... okay on input line 32.
LaTeX Font Info:    Checking defaults for T1/cmr/m/n on input line 32.
LaTeX Font Info:    ... okay on input line 32.
LaTeX Font Info:    Checking defaults for OT1/cmr/m/n on input line 32.
LaTeX Font Info:    ... okay on input line 32.
LaTeX Font Info:    Checking defaults for OMS/cmsy/m/n on input line 32.
LaTeX Font Info:    ... okay on input line 32.
LaTeX Font Info:    Checking defaults for OMX/cmex/m/n on input line 32.
LaTeX Font Info:    ... okay on input line 32.
LaTeX Font Info:    Checking defaults for U/cmr/m/n on input line 32.
LaTeX Font Info:    ... okay on input line 32.

(/usr/local/texlive/2017/texmf-dist/tex/context/base/mkii/supp-pdf.mkii
[Loading MPS to PDF converter (version 2006.09.02).]
\scratchcounter=\count90
\scratchdimen=\dimen106
\scratchbox=\box28
\nofMPsegments=\count91
\nofMParguments=\count92
\everyMPshowfont=\toks20
\MPscratchCnt=\count93
\MPscratchDim=\dimen107
\MPnumerator=\count94
\makeMPintoPDFobject=\count95
\everyMPtoPDFconversion=\toks21
) (/usr/local/texlive/2017/texmf-dist/tex/latex/oberdiek/epstopdf-base.sty
Package: epstopdf-base 2016/05/15 v2.6 Base part for package epstopdf

(/usr/local/texlive/2017/texmf-dist/tex/generic/oberdiek/infwarerr.sty
Package: infwarerr 2016/05/16 v1.4 Providing info/warning/error messages (HO)
)
(/usr/local/texlive/2017/texmf-dist/tex/latex/oberdiek/grfext.sty
Package: grfext 2016/05/16 v1.2 Manage graphics extensions (HO)

(/usr/local/texlive/2017/texmf-dist/tex/generic/oberdiek/kvdefinekeys.sty
Package: kvdefinekeys 2016/05/16 v1.4 Define keys (HO)

(/usr/local/texlive/2017/texmf-dist/tex/generic/oberdiek/ltxcmds.sty
Package: ltxcmds 2016/05/16 v1.23 LaTeX kernel commands for general use (HO)
)))
(/usr/local/texlive/2017/texmf-dist/tex/latex/oberdiek/kvoptions.sty
Package: kvoptions 2016/05/16 v3.12 Key value format for package options (HO)

(/usr/local/texlive/2017/texmf-dist/tex/generic/oberdiek/kvsetkeys.sty
Package: kvsetkeys 2016/05/16 v1.17 Key value parser (HO)

(/usr/local/texlive/2017/texmf-dist/tex/generic/oberdiek/etexcmds.sty
Package: etexcmds 2016/05/16 v1.6 Avoid name clashes with e-TeX commands (HO)

(/usr/local/texlive/2017/texmf-dist/tex/generic/oberdiek/ifluatex.sty
Package: ifluatex 2016/05/16 v1.4 Provides the ifluatex switch (HO)
Package ifluatex Info: LuaTeX not detected.
)
Package etexcmds Info: Could not find \expanded.
(etexcmds)             That can mean that you are not using pdfTeX 1.50 or
(etexcmds)             that some package has redefined \expanded.
(etexcmds)             In the latter case, load this package earlier.
)))
(/usr/local/texlive/2017/texmf-dist/tex/generic/oberdiek/pdftexcmds.sty
Package: pdftexcmds 2018/01/21 v0.26 Utility functions of pdfTeX for LuaTeX (HO
)

(/usr/local/texlive/2017/texmf-dist/tex/generic/oberdiek/ifpdf.sty
Package: ifpdf 2017/03/15 v3.2 Provides the ifpdf switch
)
Package pdftexcmds Info: LuaTeX not detected.
Package pdftexcmds Info: \pdf@primitive is available.
Package pdftexcmds Info: \pdf@ifprimitive is available.
Package pdftexcmds Info: \pdfdraftmode found.
)
Package epstopdf-base Info: Redefining graphics rule for `.eps' on input line 4
38.
Package grfext Info: Graphics extension search list:
(grfext)             [.pdf,.png,.jpg,.mps,.jpeg,.jbig2,.jb2,.PDF,.PNG,.JPG,.JPE
G,.JBIG2,.JB2,.eps]
(grfext)             \AppendGraphicsExtensions on input line 456.

(/usr/local/texlive/2017/texmf-dist/tex/latex/latexconfig/epstopdf-sys.cfg
File: epstopdf-sys.cfg 2010/07/13 v1.3 Configuration of (r)epstopdf for TeX Liv
e
))
LaTeX Font Info:    Try loading font information for T1+cmss on input line 34.

(/usr/local/texlive/2017/texmf-dist/tex/latex/base/t1cmss.fd
File: t1cmss.fd 2014/09/29 v2.5h Standard LaTeX font definitions
)
LaTeX Font Info:    External font `cmex10' loaded for size
(Font)              <14.4> on input line 34.
LaTeX Font Info:    External font `cmex10' loaded for size
(Font)              <7> on input line 34.
 (./main.toc
LaTeX Font Info:    External font `cmex10' loaded for size
(Font)              <10.95> on input line 3.
LaTeX Font Info:    External font `cmex10' loaded for size
(Font)              <8> on input line 3.
LaTeX Font Info:    External font `cmex10' loaded for size
(Font)              <6> on input line 3.

[1


{/usr/local/texlive/2017/texmf-var/fonts/map/pdftex/updmap/pdftex.map}])
\tf@toc=\write3
\openout3 = `main.toc'.


[2] [3]
<tcp_ip_model.png, id=17, 1121.18875pt x 573.14125pt>
File: tcp_ip_model.png Graphic file (type png)
<use tcp_ip_model.png>
Package pdftex.def Info: tcp_ip_model.png  used on input line 41.
(pdftex.def)             Requested size: 418.25555pt x 213.80801pt.
LaTeX Font Info:    Try loading font information for OMS+cmr on input line 50.
 (/usr/local/texlive/2017/texmf-dist/tex/latex/base/omscmr.fd
File: omscmr.fd 2014/09/29 v2.5h Standard LaTeX font definitions
)
LaTeX Font Info:    Font shape `OMS/cmr/m/n' in size <10.95> not available
(Font)              Font shape `OMS/cmsy/m/n' tried instead on input line 50.
 [4 <./tcp_ip_model.png (PNG copy)>] [5] [6] [7] [8]
Overfull \hbox (8.08723pt too wide) in paragraph at lines 226--227
[]\T1/cmr/m/n/10.95 GET, POST, HEAD, PUT, PATCH, DE-LE-TE, TRACE, OP-TI-ONS, CO
NNECT. 
 []

<FTPConnectionBuildup.png, id=38, 360.34625pt x 432.61626pt>
File: FTPConnectionBuildup.png Graphic file (type png)
<use FTPConnectionBuildup.png>
Package pdftex.def Info: FTPConnectionBuildup.png  used on input line 240.
(pdftex.def)             Requested size: 209.12778pt x 251.06943pt.
[9 <./FTPConnectionBuildup.png>]
Overfull \hbox (67.37453pt too wide) in paragraph at lines 259--276
 [] 
 []

[10]
LaTeX Font Info:    Try loading font information for T1+cmtt on input line 308.

 (/usr/local/texlive/2017/texmf-dist/tex/latex/base/t1cmtt.fd
File: t1cmtt.fd 2014/09/29 v2.5h Standard LaTeX font definitions
)
Overfull \hbox (25.56517pt too wide) in paragraph at lines 322--323
\T1/cmr/m/n/10.95 rung von Ge-rä-ten in-ner-halb ei-nes Netz-wer-kes, als auch 
Feh-ler-er-ken-nung und -benachrichtigung.
 []

[11]
<DNSNameSpace.png, id=51, 1215.54124pt x 463.7325pt>
File: DNSNameSpace.png Graphic file (type png)
<use DNSNameSpace.png>
Package pdftex.def Info: DNSNameSpace.png  used on input line 346.
(pdftex.def)             Requested size: 418.25555pt x 159.56332pt.
 [12 <./DNSNameSpace.png>]
<DNSIterativeQuery.png, id=55, 264.99pt x 333.245pt>
File: DNSIterativeQuery.png Graphic file (type png)
<use DNSIterativeQuery.png>
Package pdftex.def Info: DNSIterativeQuery.png  used on input line 368.
(pdftex.def)             Requested size: 167.29967pt x 210.39291pt.
<DNSRecursiveQuery.png, id=56, 313.17pt x 384.43625pt>
File: DNSRecursiveQuery.png Graphic file (type png)
<use DNSRecursiveQuery.png>
Package pdftex.def Info: DNSRecursiveQuery.png  used on input line 368.
(pdftex.def)             Requested size: 167.29967pt x 205.37512pt.

Underfull \hbox (badness 2884) in paragraph at lines 374--375
[]\T1/cmr/m/n/10.95 Der Ser-ver fragt al-le dar-un-ter-
 []


Underfull \hbox (badness 10000) in paragraph at lines 374--375

 []

[13 <./DNSIterativeQuery.png> <./DNSRecursiveQuery.png>] [14]
<CongestionControl.png, id=64, 1031.855pt x 495.8525pt>
File: CongestionControl.png Graphic file (type png)
<use CongestionControl.png>
Package pdftex.def Info: CongestionControl.png  used on input line 431.
(pdftex.def)             Requested size: 418.25555pt x 200.98561pt.

Overfull \hbox (27.37506pt too wide) in paragraph at lines 431--432
 [] 
 []

[15 <./CongestionControl.png>]
<GoBackN.png, id=68, 974.64125pt x 413.545pt>
File: GoBackN.png Graphic file (type png)
<use GoBackN.png>
Package pdftex.def Info: GoBackN.png  used on input line 474.
(pdftex.def)             Requested size: 334.60571pt x 141.97273pt.
<SelectiveRepeat.png, id=69, 647.41875pt x 458.71375pt>
File: SelectiveRepeat.png Graphic file (type png)
<use SelectiveRepeat.png>
Package pdftex.def Info: SelectiveRepeat.png  used on input line 494.
(pdftex.def)             Requested size: 334.60571pt x 237.07664pt.


LaTeX Warning: `!h' float specifier changed to `!ht'.

[16 <./GoBackN.png>] [17 <./SelectiveRepeat.png>]
<BGP.png, id=77, 1105.12875pt x 359.3425pt>
File: BGP.png Graphic file (type png)
<use BGP.png>
Package pdftex.def Info: BGP.png  used on input line 540.
(pdftex.def)             Requested size: 418.25555pt x 135.99777pt.
<Dijkstra.png, id=78, 1227.58624pt x 574.145pt>
File: Dijkstra.png Graphic file (type png)
<use Dijkstra.png>
Package pdftex.def Info: Dijkstra.png  used on input line 558.
(pdftex.def)             Requested size: 418.25555pt x 195.61847pt.
 [18 <./BGP.png>]
<DistanceVector.png, id=83, 927.465pt x 387.4475pt>
File: DistanceVector.png Graphic file (type png)
<use DistanceVector.png>
Package pdftex.def Info: DistanceVector.png  used on input line 564.
(pdftex.def)             Requested size: 418.25555pt x 174.72812pt.
<HierarchicalOSPF.png, id=84, 812.03375pt x 506.89375pt>
File: HierarchicalOSPF.png Graphic file (type png)
<use HierarchicalOSPF.png>
Package pdftex.def Info: HierarchicalOSPF.png  used on input line 572.
(pdftex.def)             Requested size: 418.25555pt x 261.08026pt.
 [19 <./Dijkstra.png> <./DistanceVector.png>]
<SDNComponents.png, id=91, 360.34625pt x 463.7325pt>
File: SDNComponents.png Graphic file (type png)
<use SDNComponents.png>
Package pdftex.def Info: SDNComponents.png  used on input line 591.
(pdftex.def)             Requested size: 125.47794pt x 161.47383pt.

Underfull \hbox (badness 10000) in paragraph at lines 591--592

 []

[20 <./HierarchicalOSPF.png> <./SDNComponents.png>]
<TDMACDMAFDMA.jpg, id=95, 493.3632pt x 178.266pt>
File: TDMACDMAFDMA.jpg Graphic file (type jpg)
<use TDMACDMAFDMA.jpg>
Package pdftex.def Info: TDMACDMAFDMA.jpg  used on input line 607.
(pdftex.def)             Requested size: 418.25555pt x 151.13239pt.
<Aloha.png, id=96, 1139.25626pt x 341.275pt>
File: Aloha.png Graphic file (type png)
<use Aloha.png>
Package pdftex.def Info: Aloha.png  used on input line 614.
(pdftex.def)             Requested size: 418.25555pt x 125.29077pt.
 [21 <./TDMACDMAFDMA.jpg> <./Aloha.png>]
<CSMACD.png, id=100, 644.4075pt x 572.1375pt>
File: CSMACD.png Graphic file (type png)
<use CSMACD.png>
Package pdftex.def Info: CSMACD.png  used on input line 626.
(pdftex.def)             Requested size: 418.25555pt x 371.36116pt.
 [22 <./CSMACD.png>]
<CSMACA.png, id=105, 831.105pt x 515.9275pt>
File: CSMACA.png Graphic file (type png)
<use CSMACA.png>
Package pdftex.def Info: CSMACA.png  used on input line 638.
(pdftex.def)             Requested size: 418.25555pt x 259.63994pt.
 [23 <./CSMACA.png>]

LaTeX Warning: The counter will not be printed.
             The label is: $\bullet $ on input line 660.

<Topologie_Chain.png, id=109, 207.77625pt x 25.09375pt>
File: Topologie_Chain.png Graphic file (type png)
<use Topologie_Chain.png>
Package pdftex.def Info: Topologie_Chain.png  used on input line 671.
(pdftex.def)             Requested size: 207.77573pt x 25.09367pt.
<Topologie_Ring.png, id=110, 93.34875pt x 96.36pt>
File: Topologie_Ring.png Graphic file (type png)
<use Topologie_Ring.png>
Package pdftex.def Info: Topologie_Ring.png  used on input line 671.
(pdftex.def)             Requested size: 93.34851pt x 96.35974pt.
<Topologie_Star.png, id=111, 103.38625pt x 106.3975pt>
File: Topologie_Star.png Graphic file (type png)
<use Topologie_Star.png>
Package pdftex.def Info: Topologie_Star.png  used on input line 673.
(pdftex.def)             Requested size: 103.38599pt x 106.39723pt.
<Topologie_Tree.png, id=112, 128.48pt x 91.34125pt>
File: Topologie_Tree.png Graphic file (type png)
<use Topologie_Tree.png>
Package pdftex.def Info: Topologie_Tree.png  used on input line 673.
(pdftex.def)             Requested size: 128.47968pt x 91.34102pt.
<Topologie_Mesh.png, id=113, 112.42pt x 92.345pt>
File: Topologie_Mesh.png Graphic file (type png)
<use Topologie_Mesh.png>
Package pdftex.def Info: Topologie_Mesh.png  used on input line 675.
(pdftex.def)             Requested size: 112.41972pt x 92.34476pt.
<Topologie_Fabric.png, id=114, 132.495pt x 89.33376pt>
File: Topologie_Fabric.png Graphic file (type png)
<use Topologie_Fabric.png>
Package pdftex.def Info: Topologie_Fabric.png  used on input line 675.
(pdftex.def)             Requested size: 132.49466pt x 89.33353pt.
[24]
<CircuitSwitching.png, id=118, 551.05875pt x 573.14125pt>
File: CircuitSwitching.png Graphic file (type png)
<use CircuitSwitching.png>
Package pdftex.def Info: CircuitSwitching.png  used on input line 685.
(pdftex.def)             Requested size: 167.29967pt x 173.99887pt.
 [25 <./Topologie_Chain.png> <./Topologie_Ring.png> <./Topologie_Star.png> <./T
opologie_Tree.png> <./Topologie_Mesh.png> <./Topologie_Fabric.png>]
<PacketSwitchingStatistical.png, id=123, 732.7375pt x 386.44376pt>
File: PacketSwitchingStatistical.png Graphic file (type png)
<use PacketSwitchingStatistical.png>
Package pdftex.def Info: PacketSwitchingStatistical.png  used on input line 688
.
(pdftex.def)             Requested size: 292.7776pt x 154.40965pt.
<PacketSwitchingSF.png, id=124, 447.6725pt x 85.31876pt>
File: PacketSwitchingSF.png Graphic file (type png)
<use PacketSwitchingSF.png>
Package pdftex.def Info: PacketSwitchingSF.png  used on input line 691.
(pdftex.def)             Requested size: 334.60571pt x 63.77148pt.

[26 <./CircuitSwitching.png> <./PacketSwitchingStatistical.png> <./PacketSwitch
ingSF.png>]
Underfull \hbox (badness 10000) in paragraph at lines 715--718

 []

[27]
File: Dijkstra.png Graphic file (type png)
<use Dijkstra.png>
Package pdftex.def Info: Dijkstra.png  used on input line 761.
(pdftex.def)             Requested size: 418.25555pt x 195.61847pt.

Overfull \hbox (27.37506pt too wide) in paragraph at lines 761--761
 [] 
 []

File: DistanceVector.png Graphic file (type png)
<use DistanceVector.png>
Package pdftex.def Info: DistanceVector.png  used on input line 766.
(pdftex.def)             Requested size: 418.25555pt x 174.72812pt.

Overfull \hbox (27.37506pt too wide) in paragraph at lines 766--766
 [] 
 []

[28]
Underfull \hbox (badness 10000) in paragraph at lines 772--778

 []


Underfull \hbox (badness 10000) in paragraph at lines 779--781

 []

[29]
Overfull \hbox (9.28224pt too wide) in paragraph at lines 792--795
\T1/cmr/m/n/10.95 IPv4>:<16-Bit Net-work>::/64 Die voll-stän-di-ge IPv6-Adresse
 lau-tet 2002:C0A8:6301::1/64.
 []

[30] [31] [32]
Overfull \hbox (18.77429pt too wide) in paragraph at lines 915--916
[]\T1/cmr/m/n/10.95 Implemented as dis-tri-bu-ted sys-tem for per-fo-man-ce, sc
a-la-bi-li-ty, fault-tolerance,
 []

[33] [34]
Overfull \hbox (11.26834pt too wide) in paragraph at lines 996--997
[]\T1/cmr/m/n/10.95 Was sind lei-tungs-ori-en-tier-te Netz-wer-ke und pa-ke-t-o
ri-en-tier-te Netz-wer-ke, Vor/Nachteile
 []

[35]
Underfull \hbox (badness 10000) in paragraph at lines 1021--1022

 []

[36]
Overfull \hbox (16.29214pt too wide) in paragraph at lines 1043--1046
\T1/cmr/m/n/10.95 erst mit Http/1.1 im-ple-men-tiert. Hier wird dem Ser-ver dur
ch 'Keepalive'-Headereintrag
 []


Underfull \hbox (badness 10000) in paragraph at lines 1049--1052

 []

<TCPHandshake.png, id=160, 1190.4475pt x 653.44125pt>
File: TCPHandshake.png Graphic file (type png)
<use TCPHandshake.png>
Package pdftex.def Info: TCPHandshake.png  used on input line 1053.
(pdftex.def)             Requested size: 418.25555pt x 229.5753pt.

Overfull \hbox (27.37506pt too wide) in paragraph at lines 1053--1054
 [] 
 []


Underfull \hbox (badness 10000) in paragraph at lines 1056--1060

 []

[37 <./TCPHandshake.png>]
<TCPShutdown.png, id=165, 1149.29375pt x 646.415pt>
File: TCPShutdown.png Graphic file (type png)
<use TCPShutdown.png>
Package pdftex.def Info: TCPShutdown.png  used on input line 1061.
(pdftex.def)             Requested size: 418.25555pt x 235.24414pt.

Overfull \hbox (27.37506pt too wide) in paragraph at lines 1061--1062
 [] 
 []

[38 <./TCPShutdown.png>]

LaTeX Warning: Command \" invalid in math mode on input line 1095.

Missing character: There is no ü in font cmr8!

Underfull \hbox (badness 10000) in paragraph at lines 1099--1104

 []


Underfull \hbox (badness 10000) in paragraph at lines 1105--1107

 []

<IPv6Subnetze.png, id=169, 593.21625pt x 465.74pt>
File: IPv6Subnetze.png Graphic file (type png)
<use IPv6Subnetze.png>
Package pdftex.def Info: IPv6Subnetze.png  used on input line 1112.
(pdftex.def)             Requested size: 418.25555pt x 328.38939pt.

Overfull \hbox (27.37506pt too wide) in paragraph at lines 1112--1113
 [] 
 []

[39] [40 <./IPv6Subnetze.png>] [41]
Underfull \hbox (badness 10000) in paragraph at lines 1163--1164

 []

<TDMAvsFDMA.png, id=179, 620.3175pt x 299.1175pt>
File: TDMAvsFDMA.png Graphic file (type png)
<use TDMAvsFDMA.png>
Package pdftex.def Info: TDMAvsFDMA.png  used on input line 1169.
(pdftex.def)             Requested size: 334.60571pt x 161.3476pt.

Overfull \hbox (95.73941pt too wide) in paragraph at lines 1175--1175
 []        \T1/cmtt/m/n/10.95 https://www.taitradioacademy.com/topic/the-differ
ence-between-fdma-and-tdma-1/ 
 []


Overfull \hbox (4.05524pt too wide) in paragraph at lines 1181--1183
\T1/cmr/m/n/10.95 Richtig, wo-bei es all-ge-mein den Pa-kettran-sit, durch Er-m
it-teln des nächst-günstigsten
 []

[42 <./TDMAvsFDMA.png>]
Overfull \hbox (5.20547pt too wide) in paragraph at lines 1222--1222
 []         \T1/cmtt/m/n/10.95 0                   1                   2       
            3[] 
 []


Overfull \hbox (16.52222pt too wide) in paragraph at lines 1223--1223
 []         \T1/cmtt/m/n/10.95 0 1 2 3 4 5 6 7 8 9 0 1 2 3 4 5 6 7 8 9 0 1 2 3 
4 5 6 7 8 9 0 1[] 
 []


Overfull \hbox (22.18059pt too wide) in paragraph at lines 1224--1224
 []        \T1/cmtt/m/n/10.95 +-+-+-+-+-+-+-+-+-+-+-+-+-+-+-+-+-+-+-+-+-+-+-+-+
-+-+-+-+-+-+-+-+[] 
 []


Overfull \hbox (22.18059pt too wide) in paragraph at lines 1225--1225
 []        \T1/cmtt/m/n/10.95 |Version|  IHL  |Type of Service|          Total 
Length         |[] 
 []


Overfull \hbox (22.18059pt too wide) in paragraph at lines 1226--1226
 []        \T1/cmtt/m/n/10.95 +-+-+-+-+-+-+-+-+-+-+-+-+-+-+-+-+-+-+-+-+-+-+-+-+
-+-+-+-+-+-+-+-+[] 
 []


Overfull \hbox (22.18059pt too wide) in paragraph at lines 1227--1227
 []        \T1/cmtt/m/n/10.95 |         Identification        |Flags|      Frag
ment Offset    |[] 
 []


Overfull \hbox (22.18059pt too wide) in paragraph at lines 1228--1228
 []        \T1/cmtt/m/n/10.95 +-+-+-+-+-+-+-+-+-+-+-+-+-+-+-+-+-+-+-+-+-+-+-+-+
-+-+-+-+-+-+-+-+[] 
 []


Overfull \hbox (22.18059pt too wide) in paragraph at lines 1229--1229
 []        \T1/cmtt/m/n/10.95 |  Time to Live |    Protocol   |         Header 
Checksum       |[] 
 []

[43]
Overfull \hbox (22.18059pt too wide) in paragraph at lines 1230--1230
 []        \T1/cmtt/m/n/10.95 +-+-+-+-+-+-+-+-+-+-+-+-+-+-+-+-+-+-+-+-+-+-+-+-+
-+-+-+-+-+-+-+-+[] 
 []


Overfull \hbox (22.18059pt too wide) in paragraph at lines 1231--1231
 []        \T1/cmtt/m/n/10.95 |                       Source Address           
               |[] 
 []


Overfull \hbox (22.18059pt too wide) in paragraph at lines 1232--1232
 []        \T1/cmtt/m/n/10.95 +-+-+-+-+-+-+-+-+-+-+-+-+-+-+-+-+-+-+-+-+-+-+-+-+
-+-+-+-+-+-+-+-+[] 
 []


Overfull \hbox (22.18059pt too wide) in paragraph at lines 1233--1233
 []        \T1/cmtt/m/n/10.95 |                    Destination Address         
               |[] 
 []


Overfull \hbox (22.18059pt too wide) in paragraph at lines 1234--1234
 []        \T1/cmtt/m/n/10.95 +-+-+-+-+-+-+-+-+-+-+-+-+-+-+-+-+-+-+-+-+-+-+-+-+
-+-+-+-+-+-+-+-+[] 
 []


Overfull \hbox (22.18059pt too wide) in paragraph at lines 1235--1235
 []        \T1/cmtt/m/n/10.95 |                    Options                    |
    Padding    |[] 
 []


Overfull \hbox (22.18059pt too wide) in paragraph at lines 1236--1236
 []        \T1/cmtt/m/n/10.95 +-+-+-+-+-+-+-+-+-+-+-+-+-+-+-+-+-+-+-+-+-+-+-+-+
-+-+-+-+-+-+-+-+[] 
 []


Overfull \hbox (5.20547pt too wide) in paragraph at lines 1241--1241
 []         \T1/cmtt/m/n/10.95 0                   1                   2       
            3[] 
 []


Overfull \hbox (16.52222pt too wide) in paragraph at lines 1242--1242
 []         \T1/cmtt/m/n/10.95 0 1 2 3 4 5 6 7 8 9 0 1 2 3 4 5 6 7 8 9 0 1 2 3 
4 5 6 7 8 9 0 1[] 
 []


Overfull \hbox (22.18059pt too wide) in paragraph at lines 1243--1243
 []        \T1/cmtt/m/n/10.95 +-+-+-+-+-+-+-+-+-+-+-+-+-+-+-+-+-+-+-+-+-+-+-+-+
-+-+-+-+-+-+-+-+[] 
 []


Overfull \hbox (22.18059pt too wide) in paragraph at lines 1244--1244
 []        \T1/cmtt/m/n/10.95 |Version| Traffic Class |           Flow Label   
               |[] 
 []


Overfull \hbox (22.18059pt too wide) in paragraph at lines 1245--1245
 []        \T1/cmtt/m/n/10.95 +-+-+-+-+-+-+-+-+-+-+-+-+-+-+-+-+-+-+-+-+-+-+-+-+
-+-+-+-+-+-+-+-+[] 
 []


Overfull \hbox (22.18059pt too wide) in paragraph at lines 1246--1246
 []        \T1/cmtt/m/n/10.95 |         Payload Length        |  Next Header  |
   Hop Limit   |[] 
 []


Overfull \hbox (22.18059pt too wide) in paragraph at lines 1247--1247
 []        \T1/cmtt/m/n/10.95 +-+-+-+-+-+-+-+-+-+-+-+-+-+-+-+-+-+-+-+-+-+-+-+-+
-+-+-+-+-+-+-+-+[] 
 []


Overfull \hbox (22.18059pt too wide) in paragraph at lines 1248--1248
 []        \T1/cmtt/m/n/10.95 |                                                
               |[] 
 []


Overfull \hbox (22.18059pt too wide) in paragraph at lines 1249--1249
 []        \T1/cmtt/m/n/10.95 +                                                
               +[] 
 []


Overfull \hbox (22.18059pt too wide) in paragraph at lines 1250--1250
 []        \T1/cmtt/m/n/10.95 |                                                
               |[] 
 []


Overfull \hbox (22.18059pt too wide) in paragraph at lines 1251--1251
 []        \T1/cmtt/m/n/10.95 +                         Source Address         
               +[] 
 []


Overfull \hbox (22.18059pt too wide) in paragraph at lines 1252--1252
 []        \T1/cmtt/m/n/10.95 |                                                
               |[] 
 []


Overfull \hbox (22.18059pt too wide) in paragraph at lines 1253--1253
 []        \T1/cmtt/m/n/10.95 +                                                
               +[] 
 []


Overfull \hbox (22.18059pt too wide) in paragraph at lines 1254--1254
 []        \T1/cmtt/m/n/10.95 |                                                
               |[] 
 []


Overfull \hbox (22.18059pt too wide) in paragraph at lines 1255--1255
 []        \T1/cmtt/m/n/10.95 +-+-+-+-+-+-+-+-+-+-+-+-+-+-+-+-+-+-+-+-+-+-+-+-+
-+-+-+-+-+-+-+-+[] 
 []


Overfull \hbox (22.18059pt too wide) in paragraph at lines 1256--1256
 []        \T1/cmtt/m/n/10.95 |                                                
               |[] 
 []


Overfull \hbox (22.18059pt too wide) in paragraph at lines 1257--1257
 []        \T1/cmtt/m/n/10.95 +                                                
               +[] 
 []


Overfull \hbox (22.18059pt too wide) in paragraph at lines 1258--1258
 []        \T1/cmtt/m/n/10.95 |                                                
               |[] 
 []


Overfull \hbox (22.18059pt too wide) in paragraph at lines 1259--1259
 []        \T1/cmtt/m/n/10.95 +                      Destination Address       
               +[] 
 []


Overfull \hbox (22.18059pt too wide) in paragraph at lines 1260--1260
 []        \T1/cmtt/m/n/10.95 |                                                
               |[] 
 []


Overfull \hbox (22.18059pt too wide) in paragraph at lines 1261--1261
 []        \T1/cmtt/m/n/10.95 +                                                
               +[] 
 []


Overfull \hbox (22.18059pt too wide) in paragraph at lines 1262--1262
 []        \T1/cmtt/m/n/10.95 |                                                
               |[] 
 []


Overfull \hbox (22.18059pt too wide) in paragraph at lines 1263--1263
 []        \T1/cmtt/m/n/10.95 +-+-+-+-+-+-+-+-+-+-+-+-+-+-+-+-+-+-+-+-+-+-+-+-+
-+-+-+-+-+-+-+-+[] 
 []

[44]
<SelectiveRepeat_Error.png, id=190, 515.9275pt x 699.61375pt>
File: SelectiveRepeat_Error.png Graphic file (type png)
<use SelectiveRepeat_Error.png>
Package pdftex.def Info: SelectiveRepeat_Error.png  used on input line 1275.
(pdftex.def)             Requested size: 418.25555pt x 567.18578pt.

Overfull \hbox (27.37506pt too wide) in paragraph at lines 1275--1276
 [] 
 []

[45] [46 <./SelectiveRepeat_Error.png>]
Overfull \hbox (124.94806pt too wide) in paragraph at lines 1299--1299
[]\T1/cmtt/m/n/10.95 - https://talvindersingh1992.wordpress.com/2013/07/07/mult
iple-access-techniques-tdma-fdma-cdma/[] 
 []

[47] (./main.aux) ) 
Here is how much of TeX's memory you used:
 4773 strings out of 492982
 78868 string characters out of 6132527
 240512 words of memory out of 5000000
 8232 multiletter control sequences out of 15000+600000
 14480 words of font info for 36 fonts, out of 8000000 for 9000
 1141 hyphenation exceptions out of 8191
 51i,12n,51p,8984b,348s stack positions out of 5000i,500n,10000p,200000b,80000s
{/usr/local/texlive/2017/texmf-dist/fonts/enc/dvips/cm-super
/cm-super-t1.enc}</usr/local/texlive/2017/texmf-dist/fonts/type1/public/amsfont
s/cm/cmmi10.pfb></usr/local/texlive/2017/texmf-dist/fonts/type1/public/amsfonts
/cm/cmmi8.pfb></usr/local/texlive/2017/texmf-dist/fonts/type1/public/amsfonts/c
m/cmr10.pfb></usr/local/texlive/2017/texmf-dist/fonts/type1/public/amsfonts/cm/
cmr8.pfb></usr/local/texlive/2017/texmf-dist/fonts/type1/public/amsfonts/cm/cms
y10.pfb></usr/local/texlive/2017/texmf-dist/fonts/type1/public/cm-super/sfbx109
5.pfb></usr/local/texlive/2017/texmf-dist/fonts/type1/public/cm-super/sfrm1095.
pfb></usr/local/texlive/2017/texmf-dist/fonts/type1/public/cm-super/sfrm1440.pf
b></usr/local/texlive/2017/texmf-dist/fonts/type1/public/cm-super/sfsx1095.pfb>
</usr/local/texlive/2017/texmf-dist/fonts/type1/public/cm-super/sfsx1200.pfb></
usr/local/texlive/2017/texmf-dist/fonts/type1/public/cm-super/sfsx1440.pfb></us
r/local/texlive/2017/texmf-dist/fonts/type1/public/cm-super/sfsx2074.pfb></usr/
local/texlive/2017/texmf-dist/fonts/type1/public/cm-super/sfti1095.pfb></usr/lo
cal/texlive/2017/texmf-dist/fonts/type1/public/cm-super/sftt1095.pfb>
Output written on main.pdf (47 pages, 1871881 bytes).
PDF statistics:
 249 PDF objects out of 1000 (max. 8388607)
 150 compressed objects within 2 object streams
 0 named destinations out of 1000 (max. 500000)
 156 words of extra memory for PDF output out of 10000 (max. 10000000)

